<?xml version="1.0" encoding="UTF-8"?>
<testsuite xmlns:xsi="http://www.w3.org/2001/XMLSchema-instance" xsi:noNamespaceSchemaLocation="https://maven.apache.org/surefire/maven-surefire-plugin/xsd/surefire-test-report-3.0.xsd" version="3.0" name="com.wwun.acme.order.order_service.OrderServiceApplicationTests" time="10.207" tests="1" errors="0" skipped="0" failures="0">
  <properties>
[...]
</properties>
  <testcase name="contextLoads" classname="com.wwun.acme.order.order_service.OrderServiceApplicationTests" time="0.416">
    <system-out><![CDATA[17:49:26.292 [main] INFO org.springframework.test.context.support.AnnotationConfigContextLoaderUtils -- Could not detect default configuration classes for test class [com.wwun.acme.order.order_service.OrderServiceApplicationTests]: OrderServiceApplicationTests does not declare any static, non-private, non-final, nested classes annotated with @Configuration.
17:49:26.375 [main] INFO org.springframework.boot.test.context.SpringBootTestContextBootstrapper -- Found @SpringBootConfiguration com.wwun.acme.OrderServiceApplication for test class com.wwun.acme.order.order_service.OrderServiceApplicationTests

  .   ____          _            __ _ _
 /\\ / ___'_ __ _ _(_)_ __  __ _ \ \ \ \
( ( )\___ | '_ | '_| | '_ \/ _` | \ \ \ \
 \\/  ___)| |_)| | | | | || (_| |  ) ) ) )
  '  |____| .__|_| |_|_| |_\__, | / / / /
 =========|_|==============|___/=/_/_/_/

 :: Spring Boot ::                (v3.3.4)

2025-09-08T17:49:28.400-07:00  INFO 218450 --- [msvc-orders] [           main] c.w.a.o.o.OrderServiceApplicationTests   : Starting OrderServiceApplicationTests using Java 21.0.8 with PID 218450 (started by william in /home/william/Documents/portfolio/acme-shop/order-service)
2025-09-08T17:49:28.401-07:00  INFO 218450 --- [msvc-orders] [           main] c.w.a.o.o.OrderServiceApplicationTests   : The following 1 profile is active: "dev"
2025-09-08T17:49:28.433-07:00  INFO 218450 --- [msvc-orders] [           main] o.s.c.c.c.ConfigServerConfigDataLoader   : Fetching config from server at : http://localhost:8888
2025-09-08T17:49:28.433-07:00  INFO 218450 --- [msvc-orders] [           main] o.s.c.c.c.ConfigServerConfigDataLoader   : Located environment: name=msvc-orders, profiles=[default], label=null, version=794e1a2c86a9d1128373a0226a2fd7358370765e, state=null
2025-09-08T17:49:28.433-07:00  INFO 218450 --- [msvc-orders] [           main] o.s.c.c.c.ConfigServerConfigDataLoader   : Fetching config from server at : http://localhost:8888
2025-09-08T17:49:28.433-07:00  INFO 218450 --- [msvc-orders] [           main] o.s.c.c.c.ConfigServerConfigDataLoader   : Located environment: name=msvc-orders, profiles=[dev], label=null, version=794e1a2c86a9d1128373a0226a2fd7358370765e, state=null
2025-09-08T17:49:29.238-07:00  INFO 218450 --- [msvc-orders] [           main] .s.d.r.c.RepositoryConfigurationDelegate : Bootstrapping Spring Data JPA repositories in DEFAULT mode.
2025-09-08T17:49:29.359-07:00  INFO 218450 --- [msvc-orders] [           main] .s.d.r.c.RepositoryConfigurationDelegate : Finished Spring Data repository scanning in 114 ms. Found 2 JPA repository interfaces.
2025-09-08T17:49:29.616-07:00  INFO 218450 --- [msvc-orders] [           main] o.s.cloud.context.scope.GenericScope     : BeanFactory id=9e0789f3-184d-387e-bd4a-ed45f67e4828
2025-09-08T17:49:29.971-07:00  WARN 218450 --- [msvc-orders] [           main] trationDelegate$BeanPostProcessorChecker : Bean 'org.springframework.cloud.client.loadbalancer.LoadBalancerAutoConfiguration$DeferringLoadBalancerInterceptorConfig' of type [org.springframework.cloud.client.loadbalancer.LoadBalancerAutoConfiguration$DeferringLoadBalancerInterceptorConfig] is not eligible for getting processed by all BeanPostProcessors (for example: not eligible for auto-proxying). The currently created BeanPostProcessor [lbRestClientPostProcessor] is declared through a non-static factory method on that class; consider declaring it as static instead.
2025-09-08T17:49:29.975-07:00  WARN 218450 --- [msvc-orders] [           main] trationDelegate$BeanPostProcessorChecker : Bean 'deferringLoadBalancerInterceptor' of type [org.springframework.cloud.client.loadbalancer.DeferringLoadBalancerInterceptor] is not eligible for getting processed by all BeanPostProcessors (for example: not eligible for auto-proxying). Is this bean getting eagerly injected into a currently created BeanPostProcessor [lbRestClientPostProcessor]? Check the corresponding BeanPostProcessor declaration and its dependencies.
2025-09-08T17:49:30.150-07:00  INFO 218450 --- [msvc-orders] [           main] o.hibernate.jpa.internal.util.LogHelper  : HHH000204: Processing PersistenceUnitInfo [name: default]
2025-09-08T17:49:30.189-07:00  INFO 218450 --- [msvc-orders] [           main] org.hibernate.Version                    : HHH000412: Hibernate ORM core version 6.5.3.Final
2025-09-08T17:49:30.216-07:00  INFO 218450 --- [msvc-orders] [           main] o.h.c.internal.RegionFactoryInitiator    : HHH000026: Second-level cache disabled
2025-09-08T17:49:30.441-07:00  INFO 218450 --- [msvc-orders] [           main] o.s.o.j.p.SpringPersistenceUnitInfo      : No LoadTimeWeaver setup: ignoring JPA class transformer
2025-09-08T17:49:30.464-07:00  INFO 218450 --- [msvc-orders] [           main] com.zaxxer.hikari.HikariDataSource       : HikariPool-1 - Starting...
2025-09-08T17:49:31.622-07:00  INFO 218450 --- [msvc-orders] [           main] com.zaxxer.hikari.pool.HikariPool        : HikariPool-1 - Added connection org.postgresql.jdbc.PgConnection@786cc1df
2025-09-08T17:49:31.626-07:00  INFO 218450 --- [msvc-orders] [           main] com.zaxxer.hikari.HikariDataSource       : HikariPool-1 - Start completed.
2025-09-08T17:49:31.759-07:00  WARN 218450 --- [msvc-orders] [           main] org.hibernate.orm.deprecation            : HHH90000025: PostgreSQLDialect does not need to be specified explicitly using 'hibernate.dialect' (remove the property setting and it will be selected by default)
2025-09-08T17:49:32.651-07:00  INFO 218450 --- [msvc-orders] [           main] o.h.e.t.j.p.i.JtaPlatformInitiator       : HHH000489: No JTA platform available (set 'hibernate.transaction.jta.platform' to enable JTA platform integration)
2025-09-08T17:49:33.413-07:00  INFO 218450 --- [msvc-orders] [           main] j.LocalContainerEntityManagerFactoryBean : Initialized JPA EntityManagerFactory for persistence unit 'default'
2025-09-08T17:49:33.866-07:00  WARN 218450 --- [msvc-orders] [           main] JpaBaseConfiguration$JpaWebConfiguration : spring.jpa.open-in-view is enabled by default. Therefore, database queries may be performed during view rendering. Explicitly configure spring.jpa.open-in-view to disable this warning
2025-09-08T17:49:34.060-07:00  INFO 218450 --- [msvc-orders] [           main] o.s.c.openfeign.FeignClientFactoryBean   : For 'msvc-products' URL not provided. Will try picking an instance via load-balancing.
2025-09-08T17:49:34.236-07:00  WARN 218450 --- [msvc-orders] [           main] .s.s.UserDetailsServiceAutoConfiguration : 

Using generated security password: e307a4a1-ea51-4efd-9c1c-5e0bc807741a

This generated password is for development use only. Your security configuration must be updated before running your application in production.

2025-09-08T17:49:34.246-07:00  INFO 218450 --- [msvc-orders] [           main] r$InitializeUserDetailsManagerConfigurer : Global AuthenticationManager configured with UserDetailsService bean with name inMemoryUserDetailsManager
2025-09-08T17:49:34.786-07:00  INFO 218450 --- [msvc-orders] [           main] o.s.b.a.e.web.EndpointLinksResolver      : Exposing 1 endpoint beneath base path '/actuator'
2025-09-08T17:49:35.426-07:00  INFO 218450 --- [msvc-orders] [           main] DiscoveryClientOptionalArgsConfiguration : Eureka HTTP Client uses RestTemplate.
2025-09-08T17:49:35.473-07:00  WARN 218450 --- [msvc-orders] [           main] iguration$LoadBalancerCaffeineWarnLogger : Spring Cloud LoadBalancer is currently working with the default cache. While this cache implementation is useful for development and tests, it's recommended to use Caffeine cache in production.You can switch to using Caffeine cache, by adding it and org.springframework.cache.caffeine.CaffeineCacheManager to the classpath.
2025-09-08T17:49:35.545-07:00  INFO 218450 --- [msvc-orders] [           main] o.s.c.n.eureka.InstanceInfoFactory       : Setting initial instance status as: STARTING
2025-09-08T17:49:35.582-07:00  INFO 218450 --- [msvc-orders] [           main] com.netflix.discovery.DiscoveryClient    : Initializing Eureka in region us-east-1
2025-09-08T17:49:35.585-07:00  INFO 218450 --- [msvc-orders] [           main] c.n.d.s.r.aws.ConfigClusterResolver      : Resolving eureka endpoints via configuration
2025-09-08T17:49:35.591-07:00  INFO 218450 --- [msvc-orders] [           main] com.netflix.discovery.DiscoveryClient    : Disable delta property : false
2025-09-08T17:49:35.591-07:00  INFO 218450 --- [msvc-orders] [           main] com.netflix.discovery.DiscoveryClient    : Single vip registry refresh property : null
2025-09-08T17:49:35.591-07:00  INFO 218450 --- [msvc-orders] [           main] com.netflix.discovery.DiscoveryClient    : Force full registry fetch : false
2025-09-08T17:49:35.591-07:00  INFO 218450 --- [msvc-orders] [           main] com.netflix.discovery.DiscoveryClient    : Application is null : false
2025-09-08T17:49:35.591-07:00  INFO 218450 --- [msvc-orders] [           main] com.netflix.discovery.DiscoveryClient    : Registered Applications size is zero : true
2025-09-08T17:49:35.592-07:00  INFO 218450 --- [msvc-orders] [           main] com.netflix.discovery.DiscoveryClient    : Application version is -1: true
2025-09-08T17:49:35.592-07:00  INFO 218450 --- [msvc-orders] [           main] com.netflix.discovery.DiscoveryClient    : Getting all instance registry info from the eureka server
2025-09-08T17:49:35.809-07:00  INFO 218450 --- [msvc-orders] [           main] com.netflix.discovery.DiscoveryClient    : The response status is 200
2025-09-08T17:49:35.811-07:00  INFO 218450 --- [msvc-orders] [           main] com.netflix.discovery.DiscoveryClient    : Starting heartbeat executor: renew interval is: 30
2025-09-08T17:49:35.813-07:00  INFO 218450 --- [msvc-orders] [           main] c.n.discovery.InstanceInfoReplicator     : InstanceInfoReplicator onDemand update allowed rate per min is 4
2025-09-08T17:49:35.814-07:00  INFO 218450 --- [msvc-orders] [           main] com.netflix.discovery.DiscoveryClient    : Discovery Client initialized at timestamp 1757378975814 with initial instances count: 1
2025-09-08T17:49:35.822-07:00  INFO 218450 --- [msvc-orders] [           main] o.s.c.n.e.s.EurekaServiceRegistry        : Registering application MSVC-ORDERS with eureka with status UP
2025-09-08T17:49:35.823-07:00  INFO 218450 --- [msvc-orders] [           main] com.netflix.discovery.DiscoveryClient    : Saw local status change event StatusChangeEvent [timestamp=1757378975823, current=UP, previous=STARTING]
2025-09-08T17:49:35.825-07:00  INFO 218450 --- [msvc-orders] [foReplicator-%d] com.netflix.discovery.DiscoveryClient    : DiscoveryClient_MSVC-ORDERS/10.0.0.222:msvc-orders:8001: registering service...
2025-09-08T17:49:35.851-07:00  INFO 218450 --- [msvc-orders] [           main] c.w.a.o.o.OrderServiceApplicationTests   : Started OrderServiceApplicationTests in 9.359 seconds (process running for 10.149)
2025-09-08T17:49:35.871-07:00  INFO 218450 --- [msvc-orders] [foReplicator-%d] com.netflix.discovery.DiscoveryClient    : DiscoveryClient_MSVC-ORDERS/10.0.0.222:msvc-orders:8001 - registration status: 204
]]></system-out>
    <system-err><![CDATA[WARNING: A Java agent has been loaded dynamically (/home/william/.m2/repository/net/bytebuddy/byte-buddy-agent/1.14.19/byte-buddy-agent-1.14.19.jar)
WARNING: If a serviceability tool is in use, please run with -XX:+EnableDynamicAgentLoading to hide this warning
WARNING: If a serviceability tool is not in use, please run with -Djdk.instrument.traceUsage for more information
WARNING: Dynamic loading of agents will be disallowed by default in a future release
]]></system-err>
  </testcase>
</testsuite>