<?xml version="1.0" encoding="UTF-8"?>
<testsuite xmlns:xsi="http://www.w3.org/2001/XMLSchema-instance" xsi:noNamespaceSchemaLocation="https://maven.apache.org/surefire/maven-surefire-plugin/xsd/surefire-test-report-3.0.xsd" version="3.0" name="com.wwun.acme.ProductServiceApplicationTest" time="10.914" tests="1" errors="0" skipped="0" failures="0">
  <properties>
[...]
</properties>
  <testcase name="contextLoads" classname="com.wwun.acme.ProductServiceApplicationTest" time="0.427">
    <system-out><![CDATA[17:48:38.103 [main] INFO org.springframework.test.context.support.AnnotationConfigContextLoaderUtils -- Could not detect default configuration classes for test class [com.wwun.acme.ProductServiceApplicationTest]: ProductServiceApplicationTest does not declare any static, non-private, non-final, nested classes annotated with @Configuration.
17:48:38.218 [main] INFO org.springframework.boot.test.context.SpringBootTestContextBootstrapper -- Found @SpringBootConfiguration com.wwun.acme.ProductServiceApplication for test class com.wwun.acme.ProductServiceApplicationTest

  .   ____          _            __ _ _
 /\\ / ___'_ __ _ _(_)_ __  __ _ \ \ \ \
( ( )\___ | '_ | '_| | '_ \/ _` | \ \ \ \
 \\/  ___)| |_)| | | | | || (_| |  ) ) ) )
  '  |____| .__|_| |_|_| |_\__, | / / / /
 =========|_|==============|___/=/_/_/_/

 :: Spring Boot ::                (v3.3.4)

2025-09-08T17:48:40.243-07:00  INFO 217452 --- [msvc-products] [           main] c.w.acme.ProductServiceApplicationTest   : Starting ProductServiceApplicationTest using Java 21.0.8 with PID 217452 (started by william in /home/william/Documents/portfolio/acme-shop/product-service)
2025-09-08T17:48:40.245-07:00  INFO 217452 --- [msvc-products] [           main] c.w.acme.ProductServiceApplicationTest   : The following 1 profile is active: "dev"
2025-09-08T17:48:40.267-07:00  INFO 217452 --- [msvc-products] [           main] o.s.c.c.c.ConfigServerConfigDataLoader   : Fetching config from server at : http://localhost:8888
2025-09-08T17:48:40.268-07:00  INFO 217452 --- [msvc-products] [           main] o.s.c.c.c.ConfigServerConfigDataLoader   : Located environment: name=msvc-products, profiles=[default], label=null, version=794e1a2c86a9d1128373a0226a2fd7358370765e, state=null
2025-09-08T17:48:40.268-07:00  INFO 217452 --- [msvc-products] [           main] o.s.c.c.c.ConfigServerConfigDataLoader   : Fetching config from server at : http://localhost:8888
2025-09-08T17:48:40.268-07:00  INFO 217452 --- [msvc-products] [           main] o.s.c.c.c.ConfigServerConfigDataLoader   : Located environment: name=msvc-products, profiles=[dev], label=null, version=794e1a2c86a9d1128373a0226a2fd7358370765e, state=null
2025-09-08T17:48:41.077-07:00  INFO 217452 --- [msvc-products] [           main] .s.d.r.c.RepositoryConfigurationDelegate : Bootstrapping Spring Data JPA repositories in DEFAULT mode.
2025-09-08T17:48:41.234-07:00  INFO 217452 --- [msvc-products] [           main] .s.d.r.c.RepositoryConfigurationDelegate : Finished Spring Data repository scanning in 140 ms. Found 3 JPA repository interfaces.
2025-09-08T17:48:41.513-07:00  INFO 217452 --- [msvc-products] [           main] o.s.cloud.context.scope.GenericScope     : BeanFactory id=4e624306-e51c-3331-9587-3045aeefd495
2025-09-08T17:48:41.882-07:00  WARN 217452 --- [msvc-products] [           main] trationDelegate$BeanPostProcessorChecker : Bean 'org.springframework.cloud.client.loadbalancer.LoadBalancerAutoConfiguration$DeferringLoadBalancerInterceptorConfig' of type [org.springframework.cloud.client.loadbalancer.LoadBalancerAutoConfiguration$DeferringLoadBalancerInterceptorConfig] is not eligible for getting processed by all BeanPostProcessors (for example: not eligible for auto-proxying). The currently created BeanPostProcessor [lbRestClientPostProcessor] is declared through a non-static factory method on that class; consider declaring it as static instead.
2025-09-08T17:48:41.885-07:00  WARN 217452 --- [msvc-products] [           main] trationDelegate$BeanPostProcessorChecker : Bean 'deferringLoadBalancerInterceptor' of type [org.springframework.cloud.client.loadbalancer.DeferringLoadBalancerInterceptor] is not eligible for getting processed by all BeanPostProcessors (for example: not eligible for auto-proxying). Is this bean getting eagerly injected into a currently created BeanPostProcessor [lbRestClientPostProcessor]? Check the corresponding BeanPostProcessor declaration and its dependencies.
2025-09-08T17:48:42.067-07:00  INFO 217452 --- [msvc-products] [           main] o.hibernate.jpa.internal.util.LogHelper  : HHH000204: Processing PersistenceUnitInfo [name: default]
2025-09-08T17:48:42.114-07:00  INFO 217452 --- [msvc-products] [           main] org.hibernate.Version                    : HHH000412: Hibernate ORM core version 6.5.3.Final
2025-09-08T17:48:42.143-07:00  INFO 217452 --- [msvc-products] [           main] o.h.c.internal.RegionFactoryInitiator    : HHH000026: Second-level cache disabled
2025-09-08T17:48:42.371-07:00  INFO 217452 --- [msvc-products] [           main] o.s.o.j.p.SpringPersistenceUnitInfo      : No LoadTimeWeaver setup: ignoring JPA class transformer
2025-09-08T17:48:42.394-07:00  INFO 217452 --- [msvc-products] [           main] com.zaxxer.hikari.HikariDataSource       : HikariPool-1 - Starting...
2025-09-08T17:48:43.538-07:00  INFO 217452 --- [msvc-products] [           main] com.zaxxer.hikari.pool.HikariPool        : HikariPool-1 - Added connection org.postgresql.jdbc.PgConnection@21b2579d
2025-09-08T17:48:43.539-07:00  INFO 217452 --- [msvc-products] [           main] com.zaxxer.hikari.HikariDataSource       : HikariPool-1 - Start completed.
2025-09-08T17:48:43.672-07:00  WARN 217452 --- [msvc-products] [           main] org.hibernate.orm.deprecation            : HHH90000025: PostgreSQLDialect does not need to be specified explicitly using 'hibernate.dialect' (remove the property setting and it will be selected by default)
2025-09-08T17:48:44.641-07:00  INFO 217452 --- [msvc-products] [           main] o.h.e.t.j.p.i.JtaPlatformInitiator       : HHH000489: No JTA platform available (set 'hibernate.transaction.jta.platform' to enable JTA platform integration)
2025-09-08T17:48:45.706-07:00  INFO 217452 --- [msvc-products] [           main] j.LocalContainerEntityManagerFactoryBean : Initialized JPA EntityManagerFactory for persistence unit 'default'
2025-09-08T17:48:46.124-07:00  INFO 217452 --- [msvc-products] [           main] o.s.d.j.r.query.QueryEnhancerFactory     : Hibernate is in classpath; If applicable, HQL parser will be used.
2025-09-08T17:48:46.551-07:00  WARN 217452 --- [msvc-products] [           main] JpaBaseConfiguration$JpaWebConfiguration : spring.jpa.open-in-view is enabled by default. Therefore, database queries may be performed during view rendering. Explicitly configure spring.jpa.open-in-view to disable this warning
2025-09-08T17:48:46.653-07:00  WARN 217452 --- [msvc-products] [           main] .s.s.UserDetailsServiceAutoConfiguration : 

Using generated security password: 50df42cc-9931-4f29-9b7b-5a6b91e36f2d

This generated password is for development use only. Your security configuration must be updated before running your application in production.

2025-09-08T17:48:46.664-07:00  INFO 217452 --- [msvc-products] [           main] r$InitializeUserDetailsManagerConfigurer : Global AuthenticationManager configured with UserDetailsService bean with name inMemoryUserDetailsManager
2025-09-08T17:48:47.169-07:00  INFO 217452 --- [msvc-products] [           main] o.s.b.a.e.web.EndpointLinksResolver      : Exposing 1 endpoint beneath base path '/actuator'
2025-09-08T17:48:47.871-07:00  INFO 217452 --- [msvc-products] [           main] DiscoveryClientOptionalArgsConfiguration : Eureka HTTP Client uses RestTemplate.
2025-09-08T17:48:47.944-07:00  WARN 217452 --- [msvc-products] [           main] iguration$LoadBalancerCaffeineWarnLogger : Spring Cloud LoadBalancer is currently working with the default cache. While this cache implementation is useful for development and tests, it's recommended to use Caffeine cache in production.You can switch to using Caffeine cache, by adding it and org.springframework.cache.caffeine.CaffeineCacheManager to the classpath.
2025-09-08T17:48:48.001-07:00  INFO 217452 --- [msvc-products] [           main] o.s.c.n.eureka.InstanceInfoFactory       : Setting initial instance status as: STARTING
2025-09-08T17:48:48.026-07:00  INFO 217452 --- [msvc-products] [           main] com.netflix.discovery.DiscoveryClient    : Initializing Eureka in region us-east-1
2025-09-08T17:48:48.029-07:00  INFO 217452 --- [msvc-products] [           main] c.n.d.s.r.aws.ConfigClusterResolver      : Resolving eureka endpoints via configuration
2025-09-08T17:48:48.036-07:00  INFO 217452 --- [msvc-products] [           main] com.netflix.discovery.DiscoveryClient    : Disable delta property : false
2025-09-08T17:48:48.036-07:00  INFO 217452 --- [msvc-products] [           main] com.netflix.discovery.DiscoveryClient    : Single vip registry refresh property : null
2025-09-08T17:48:48.036-07:00  INFO 217452 --- [msvc-products] [           main] com.netflix.discovery.DiscoveryClient    : Force full registry fetch : false
2025-09-08T17:48:48.036-07:00  INFO 217452 --- [msvc-products] [           main] com.netflix.discovery.DiscoveryClient    : Application is null : false
2025-09-08T17:48:48.036-07:00  INFO 217452 --- [msvc-products] [           main] com.netflix.discovery.DiscoveryClient    : Registered Applications size is zero : true
2025-09-08T17:48:48.036-07:00  INFO 217452 --- [msvc-products] [           main] com.netflix.discovery.DiscoveryClient    : Application version is -1: true
2025-09-08T17:48:48.037-07:00  INFO 217452 --- [msvc-products] [           main] com.netflix.discovery.DiscoveryClient    : Getting all instance registry info from the eureka server
2025-09-08T17:48:48.263-07:00  INFO 217452 --- [msvc-products] [           main] com.netflix.discovery.DiscoveryClient    : The response status is 200
2025-09-08T17:48:48.265-07:00  INFO 217452 --- [msvc-products] [           main] com.netflix.discovery.DiscoveryClient    : Starting heartbeat executor: renew interval is: 30
2025-09-08T17:48:48.267-07:00  INFO 217452 --- [msvc-products] [           main] c.n.discovery.InstanceInfoReplicator     : InstanceInfoReplicator onDemand update allowed rate per min is 4
2025-09-08T17:48:48.268-07:00  INFO 217452 --- [msvc-products] [           main] com.netflix.discovery.DiscoveryClient    : Discovery Client initialized at timestamp 1757378928268 with initial instances count: 1
2025-09-08T17:48:48.278-07:00  INFO 217452 --- [msvc-products] [           main] o.s.c.n.e.s.EurekaServiceRegistry        : Registering application MSVC-PRODUCTS with eureka with status UP
2025-09-08T17:48:48.279-07:00  INFO 217452 --- [msvc-products] [           main] com.netflix.discovery.DiscoveryClient    : Saw local status change event StatusChangeEvent [timestamp=1757378928279, current=UP, previous=STARTING]
2025-09-08T17:48:48.280-07:00  INFO 217452 --- [msvc-products] [foReplicator-%d] com.netflix.discovery.DiscoveryClient    : DiscoveryClient_MSVC-PRODUCTS/10.0.0.222:msvc-products:8001: registering service...
2025-09-08T17:48:48.303-07:00  INFO 217452 --- [msvc-products] [           main] c.w.acme.ProductServiceApplicationTest   : Started ProductServiceApplicationTest in 9.965 seconds (process running for 10.807)
2025-09-08T17:48:48.322-07:00  INFO 217452 --- [msvc-products] [foReplicator-%d] com.netflix.discovery.DiscoveryClient    : DiscoveryClient_MSVC-PRODUCTS/10.0.0.222:msvc-products:8001 - registration status: 204
]]></system-out>
    <system-err><![CDATA[WARNING: A Java agent has been loaded dynamically (/home/william/.m2/repository/net/bytebuddy/byte-buddy-agent/1.14.19/byte-buddy-agent-1.14.19.jar)
WARNING: If a serviceability tool is in use, please run with -XX:+EnableDynamicAgentLoading to hide this warning
WARNING: If a serviceability tool is not in use, please run with -Djdk.instrument.traceUsage for more information
WARNING: Dynamic loading of agents will be disallowed by default in a future release
]]></system-err>
  </testcase>
</testsuite>